[2022-05-01 22:22:49.631] [exthost] [info] Extension host with pid 3324 started
[2022-05-01 22:22:49.639] [exthost] [info] Lock '/home/nanxiong026/.vscode-server/data/User/workspaceStorage/93d71e5c9ec3644dd0a5fc63c15b3209/vscode.lock': Lock acquired.
[2022-05-01 22:22:49.756] [exthost] [info] ExtensionService#_doActivateExtension vscode.debug-auto-launch, startup: true, activationEvent: '*'
[2022-05-01 22:22:49.763] [exthost] [info] ExtensionService#_doActivateExtension vscode.git-base, startup: true, activationEvent: '*'
[2022-05-01 22:22:49.768] [exthost] [info] ExtensionService#_doActivateExtension vscode.ipynb, startup: true, activationEvent: '*'
[2022-05-01 22:22:49.882] [exthost] [info] ExtensionService#_doActivateExtension vscode.github, startup: true, activationEvent: '*'
[2022-05-01 22:22:49.985] [exthost] [info] ExtensionService#_doActivateExtension vscode.emmet, startup: false, activationEvent: 'onStartupFinished'
[2022-05-01 22:22:50.022] [exthost] [info] ExtensionService#_doActivateExtension vscode.merge-conflict, startup: false, activationEvent: 'onStartupFinished'
[2022-05-01 22:22:50.028] [exthost] [info] Eager extensions activated
[2022-05-01 22:22:52.303] [exthost] [info] ExtensionService#_doActivateExtension vscode.git, startup: false, activationEvent: 'api', root cause: vscode.github
[2022-05-01 22:23:43.836] [exthost] [warning] [Decorations] CAPPING events from decorations provider vscode.git 1809
[2022-05-01 22:23:46.898] [exthost] [warning] [Decorations] CAPPING events from decorations provider vscode.git 1809
[2022-05-01 22:23:52.004] [exthost] [warning] [Decorations] CAPPING events from decorations provider vscode.git 1809
[2022-05-01 22:23:57.100] [exthost] [warning] [Decorations] CAPPING events from decorations provider vscode.git 1809
[2022-05-01 22:24:02.214] [exthost] [warning] [Decorations] CAPPING events from decorations provider vscode.git 1809
[2022-05-01 22:24:07.317] [exthost] [warning] [Decorations] CAPPING events from decorations provider vscode.git 1809
[2022-05-01 22:24:12.413] [exthost] [warning] [Decorations] CAPPING events from decorations provider vscode.git 1809
[2022-05-01 22:24:17.508] [exthost] [warning] [Decorations] CAPPING events from decorations provider vscode.git 1809
[2022-05-01 22:24:22.604] [exthost] [warning] [Decorations] CAPPING events from decorations provider vscode.git 1809
[2022-05-01 22:24:27.698] [exthost] [warning] [Decorations] CAPPING events from decorations provider vscode.git 1809
[2022-05-01 22:24:32.802] [exthost] [warning] [Decorations] CAPPING events from decorations provider vscode.git 1809
[2022-05-01 22:24:37.458] [exthost] [warning] [Decorations] CAPPING events from decorations provider vscode.git 1809
[2022-05-01 22:24:38.414] [exthost] [warning] [Decorations] CAPPING events from decorations provider vscode.git 1809
[2022-05-01 22:24:43.532] [exthost] [warning] [Decorations] CAPPING events from decorations provider vscode.git 1809
[2022-05-01 22:24:48.631] [exthost] [warning] [Decorations] CAPPING events from decorations provider vscode.git 1809
[2022-05-01 22:24:53.720] [exthost] [warning] [Decorations] CAPPING events from decorations provider vscode.git 1809
[2022-05-01 22:24:58.824] [exthost] [warning] [Decorations] CAPPING events from decorations provider vscode.git 1809
[2022-05-01 22:25:03.935] [exthost] [warning] [Decorations] CAPPING events from decorations provider vscode.git 1809
[2022-05-01 22:25:09.051] [exthost] [warning] [Decorations] CAPPING events from decorations provider vscode.git 1809
[2022-05-01 22:25:14.197] [exthost] [warning] [Decorations] CAPPING events from decorations provider vscode.git 1809
[2022-05-01 22:25:19.316] [exthost] [warning] [Decorations] CAPPING events from decorations provider vscode.git 1809
[2022-05-01 22:25:24.432] [exthost] [warning] [Decorations] CAPPING events from decorations provider vscode.git 1809
[2022-05-01 22:25:29.537] [exthost] [warning] [Decorations] CAPPING events from decorations provider vscode.git 1809
[2022-05-01 22:25:34.669] [exthost] [warning] [Decorations] CAPPING events from decorations provider vscode.git 1809
[2022-05-01 22:25:39.778] [exthost] [warning] [Decorations] CAPPING events from decorations provider vscode.git 1809
[2022-05-01 22:25:44.877] [exthost] [warning] [Decorations] CAPPING events from decorations provider vscode.git 1809
[2022-05-01 22:25:49.988] [exthost] [warning] [Decorations] CAPPING events from decorations provider vscode.git 1809
[2022-05-01 22:25:55.099] [exthost] [warning] [Decorations] CAPPING events from decorations provider vscode.git 1809
[2022-05-01 22:26:00.259] [exthost] [warning] [Decorations] CAPPING events from decorations provider vscode.git 1809
[2022-05-01 22:26:05.361] [exthost] [warning] [Decorations] CAPPING events from decorations provider vscode.git 1809
[2022-05-01 22:26:10.469] [exthost] [warning] [Decorations] CAPPING events from decorations provider vscode.git 1809
[2022-05-01 22:26:15.578] [exthost] [warning] [Decorations] CAPPING events from decorations provider vscode.git 1809
[2022-05-01 22:26:20.668] [exthost] [warning] [Decorations] CAPPING events from decorations provider vscode.git 1809
[2022-05-01 22:26:25.757] [exthost] [warning] [Decorations] CAPPING events from decorations provider vscode.git 1809
[2022-05-01 22:26:30.863] [exthost] [warning] [Decorations] CAPPING events from decorations provider vscode.git 1809
[2022-05-01 22:26:35.960] [exthost] [warning] [Decorations] CAPPING events from decorations provider vscode.git 1809
[2022-05-01 22:26:41.046] [exthost] [warning] [Decorations] CAPPING events from decorations provider vscode.git 1809
[2022-05-01 22:27:21.453] [exthost] [warning] [Decorations] CAPPING events from decorations provider vscode.git 1809
[2022-05-01 22:27:26.559] [exthost] [warning] [Decorations] CAPPING events from decorations provider vscode.git 1809
[2022-05-01 22:29:26.963] [exthost] [warning] [Decorations] CAPPING events from decorations provider vscode.git 1809
[2022-05-01 22:29:32.076] [exthost] [warning] [Decorations] CAPPING events from decorations provider vscode.git 1809
[2022-05-01 22:29:37.256] [exthost] [warning] [Decorations] CAPPING events from decorations provider vscode.git 1809
[2022-05-01 22:29:42.347] [exthost] [warning] [Decorations] CAPPING events from decorations provider vscode.git 1809
[2022-05-01 22:29:47.454] [exthost] [warning] [Decorations] CAPPING events from decorations provider vscode.git 1809
[2022-05-01 22:29:52.565] [exthost] [warning] [Decorations] CAPPING events from decorations provider vscode.git 1809
[2022-05-01 22:29:57.672] [exthost] [warning] [Decorations] CAPPING events from decorations provider vscode.git 1809
[2022-05-01 22:30:02.767] [exthost] [warning] [Decorations] CAPPING events from decorations provider vscode.git 1809
[2022-05-01 22:30:07.859] [exthost] [warning] [Decorations] CAPPING events from decorations provider vscode.git 1809
[2022-05-01 22:30:12.971] [exthost] [warning] [Decorations] CAPPING events from decorations provider vscode.git 1809
[2022-05-01 22:30:18.088] [exthost] [warning] [Decorations] CAPPING events from decorations provider vscode.git 1809
[2022-05-01 22:30:23.193] [exthost] [warning] [Decorations] CAPPING events from decorations provider vscode.git 1809
[2022-05-01 22:30:28.302] [exthost] [warning] [Decorations] CAPPING events from decorations provider vscode.git 1809
[2022-05-01 22:30:33.411] [exthost] [warning] [Decorations] CAPPING events from decorations provider vscode.git 1809
[2022-05-01 22:30:53.652] [exthost] [warning] [Decorations] CAPPING events from decorations provider vscode.git 1809
[2022-05-01 22:30:58.741] [exthost] [warning] [Decorations] CAPPING events from decorations provider vscode.git 1809
[2022-05-01 22:31:03.845] [exthost] [warning] [Decorations] CAPPING events from decorations provider vscode.git 1809
[2022-05-01 22:31:08.941] [exthost] [warning] [Decorations] CAPPING events from decorations provider vscode.git 1809
[2022-05-01 22:31:14.026] [exthost] [warning] [Decorations] CAPPING events from decorations provider vscode.git 1809
[2022-05-01 22:31:19.132] [exthost] [warning] [Decorations] CAPPING events from decorations provider vscode.git 1809
[2022-05-01 22:31:24.253] [exthost] [warning] [Decorations] CAPPING events from decorations provider vscode.git 1809
[2022-05-01 22:31:29.363] [exthost] [warning] [Decorations] CAPPING events from decorations provider vscode.git 1809
[2022-05-01 22:31:34.476] [exthost] [warning] [Decorations] CAPPING events from decorations provider vscode.git 1809
[2022-05-01 22:31:39.583] [exthost] [warning] [Decorations] CAPPING events from decorations provider vscode.git 1811
[2022-05-01 22:31:44.674] [exthost] [warning] [Decorations] CAPPING events from decorations provider vscode.git 1811
[2022-05-01 22:31:49.784] [exthost] [warning] [Decorations] CAPPING events from decorations provider vscode.git 1811
[2022-05-01 22:31:54.872] [exthost] [warning] [Decorations] CAPPING events from decorations provider vscode.git 1810
[2022-05-01 22:32:00.012] [exthost] [warning] [Decorations] CAPPING events from decorations provider vscode.git 1810
[2022-05-01 22:32:05.159] [exthost] [warning] [Decorations] CAPPING events from decorations provider vscode.git 1810
[2022-05-01 22:32:10.269] [exthost] [warning] [Decorations] CAPPING events from decorations provider vscode.git 1810
[2022-05-01 22:32:15.373] [exthost] [warning] [Decorations] CAPPING events from decorations provider vscode.git 1810
[2022-05-01 22:32:20.467] [exthost] [warning] [Decorations] CAPPING events from decorations provider vscode.git 1810
[2022-05-01 22:32:25.554] [exthost] [warning] [Decorations] CAPPING events from decorations provider vscode.git 1810
[2022-05-01 22:32:30.661] [exthost] [warning] [Decorations] CAPPING events from decorations provider vscode.git 1810
[2022-05-01 22:32:35.777] [exthost] [warning] [Decorations] CAPPING events from decorations provider vscode.git 1810
[2022-05-01 22:32:40.884] [exthost] [warning] [Decorations] CAPPING events from decorations provider vscode.git 1810
[2022-05-01 22:32:46.011] [exthost] [warning] [Decorations] CAPPING events from decorations provider vscode.git 1810
[2022-05-01 22:32:51.147] [exthost] [warning] [Decorations] CAPPING events from decorations provider vscode.git 1810
[2022-05-01 22:32:56.267] [exthost] [warning] [Decorations] CAPPING events from decorations provider vscode.git 1810
[2022-05-01 22:33:01.361] [exthost] [warning] [Decorations] CAPPING events from decorations provider vscode.git 1810
[2022-05-01 22:33:06.466] [exthost] [warning] [Decorations] CAPPING events from decorations provider vscode.git 1810
[2022-05-01 22:33:11.558] [exthost] [warning] [Decorations] CAPPING events from decorations provider vscode.git 1810
[2022-05-01 22:33:16.647] [exthost] [warning] [Decorations] CAPPING events from decorations provider vscode.git 1810
[2022-05-01 22:33:21.731] [exthost] [warning] [Decorations] CAPPING events from decorations provider vscode.git 1810
[2022-05-01 22:33:30.136] [exthost] [warning] [Decorations] CAPPING events from decorations provider vscode.git 1810
[2022-05-01 22:33:35.245] [exthost] [warning] [Decorations] CAPPING events from decorations provider vscode.git 1810
[2022-05-01 22:33:40.341] [exthost] [warning] [Decorations] CAPPING events from decorations provider vscode.git 1810
[2022-05-01 22:33:45.448] [exthost] [warning] [Decorations] CAPPING events from decorations provider vscode.git 1810
[2022-05-01 22:33:54.068] [exthost] [warning] [Decorations] CAPPING events from decorations provider vscode.git 1810
[2022-05-01 22:33:59.173] [exthost] [warning] [Decorations] CAPPING events from decorations provider vscode.git 1810
[2022-05-01 22:34:04.294] [exthost] [warning] [Decorations] CAPPING events from decorations provider vscode.git 1810
[2022-05-01 22:34:09.384] [exthost] [warning] [Decorations] CAPPING events from decorations provider vscode.git 1810
[2022-05-01 22:34:14.472] [exthost] [warning] [Decorations] CAPPING events from decorations provider vscode.git 1810
[2022-05-01 22:34:19.577] [exthost] [warning] [Decorations] CAPPING events from decorations provider vscode.git 1810
[2022-05-01 22:34:24.686] [exthost] [warning] [Decorations] CAPPING events from decorations provider vscode.git 1810
[2022-05-01 22:34:29.807] [exthost] [warning] [Decorations] CAPPING events from decorations provider vscode.git 1810
[2022-05-01 22:34:34.914] [exthost] [warning] [Decorations] CAPPING events from decorations provider vscode.git 1826
[2022-05-01 22:34:40.005] [exthost] [warning] [Decorations] CAPPING events from decorations provider vscode.git 1826
[2022-05-01 22:34:45.093] [exthost] [warning] [Decorations] CAPPING events from decorations provider vscode.git 1826
[2022-05-01 22:34:50.196] [exthost] [warning] [Decorations] CAPPING events from decorations provider vscode.git 1826
[2022-05-01 22:34:55.291] [exthost] [warning] [Decorations] CAPPING events from decorations provider vscode.git 1826
[2022-05-01 22:34:59.727] [exthost] [info] ExtensionService#_doActivateExtension golang.go, startup: false, activationEvent: 'onLanguage:go'
[2022-05-01 22:35:00.379] [exthost] [warning] [Decorations] CAPPING events from decorations provider vscode.git 1830
[2022-05-01 22:35:05.504] [exthost] [warning] [Decorations] CAPPING events from decorations provider vscode.git 1830
[2022-05-01 22:35:10.613] [exthost] [warning] [Decorations] CAPPING events from decorations provider vscode.git 1830
[2022-05-01 22:35:15.704] [exthost] [warning] [Decorations] CAPPING events from decorations provider vscode.git 1830
[2022-05-01 22:35:20.815] [exthost] [warning] [Decorations] CAPPING events from decorations provider vscode.git 1830
[2022-05-01 22:35:25.911] [exthost] [warning] [Decorations] CAPPING events from decorations provider vscode.git 1831
[2022-05-01 22:35:31.016] [exthost] [warning] [Decorations] CAPPING events from decorations provider vscode.git 1831
[2022-05-01 22:35:36.109] [exthost] [warning] [Decorations] CAPPING events from decorations provider vscode.git 1831
[2022-05-01 22:35:48.166] [exthost] [warning] [Decorations] CAPPING events from decorations provider vscode.git 1831
[2022-05-01 22:35:53.260] [exthost] [warning] [Decorations] CAPPING events from decorations provider vscode.git 1831
[2022-05-01 22:35:58.353] [exthost] [warning] [Decorations] CAPPING events from decorations provider vscode.git 1831
[2022-05-01 22:36:03.446] [exthost] [warning] [Decorations] CAPPING events from decorations provider vscode.git 1831
[2022-05-01 22:36:08.559] [exthost] [warning] [Decorations] CAPPING events from decorations provider vscode.git 1831
[2022-05-01 22:36:13.673] [exthost] [warning] [Decorations] CAPPING events from decorations provider vscode.git 1831
[2022-05-01 22:36:18.793] [exthost] [warning] [Decorations] CAPPING events from decorations provider vscode.git 1831
[2022-05-01 22:36:23.904] [exthost] [warning] [Decorations] CAPPING events from decorations provider vscode.git 1831
[2022-05-01 22:36:29.056] [exthost] [warning] [Decorations] CAPPING events from decorations provider vscode.git 1831
[2022-05-01 22:36:34.175] [exthost] [warning] [Decorations] CAPPING events from decorations provider vscode.git 1831
[2022-05-01 22:36:39.293] [exthost] [warning] [Decorations] CAPPING events from decorations provider vscode.git 1831
[2022-05-01 22:36:44.407] [exthost] [warning] [Decorations] CAPPING events from decorations provider vscode.git 1831
[2022-05-01 22:36:49.502] [exthost] [warning] [Decorations] CAPPING events from decorations provider vscode.git 1831
[2022-05-01 22:36:54.597] [exthost] [warning] [Decorations] CAPPING events from decorations provider vscode.git 1831
[2022-05-01 22:36:59.692] [exthost] [warning] [Decorations] CAPPING events from decorations provider vscode.git 1831
[2022-05-01 22:37:04.786] [exthost] [warning] [Decorations] CAPPING events from decorations provider vscode.git 1831
[2022-05-01 22:37:09.894] [exthost] [warning] [Decorations] CAPPING events from decorations provider vscode.git 1831
[2022-05-01 22:37:15.006] [exthost] [warning] [Decorations] CAPPING events from decorations provider vscode.git 1831
[2022-05-01 22:37:20.124] [exthost] [warning] [Decorations] CAPPING events from decorations provider vscode.git 1831
[2022-05-01 22:37:25.222] [exthost] [warning] [Decorations] CAPPING events from decorations provider vscode.git 1831
[2022-05-01 22:37:30.382] [exthost] [warning] [Decorations] CAPPING events from decorations provider vscode.git 1831
[2022-05-01 22:37:35.505] [exthost] [warning] [Decorations] CAPPING events from decorations provider vscode.git 1831
[2022-05-01 22:37:40.625] [exthost] [warning] [Decorations] CAPPING events from decorations provider vscode.git 1831
[2022-05-01 22:37:45.742] [exthost] [warning] [Decorations] CAPPING events from decorations provider vscode.git 1831
[2022-05-01 22:37:50.900] [exthost] [warning] [Decorations] CAPPING events from decorations provider vscode.git 1831
[2022-05-01 22:37:56.013] [exthost] [warning] [Decorations] CAPPING events from decorations provider vscode.git 1831
[2022-05-01 22:38:01.124] [exthost] [warning] [Decorations] CAPPING events from decorations provider vscode.git 1831
[2022-05-01 22:38:06.279] [exthost] [warning] [Decorations] CAPPING events from decorations provider vscode.git 1831
[2022-05-01 22:38:11.379] [exthost] [warning] [Decorations] CAPPING events from decorations provider vscode.git 1831
[2022-05-01 22:38:16.494] [exthost] [warning] [Decorations] CAPPING events from decorations provider vscode.git 1831
[2022-05-01 22:38:21.602] [exthost] [warning] [Decorations] CAPPING events from decorations provider vscode.git 1831
[2022-05-01 22:38:56.837] [exthost] [warning] [Decorations] CAPPING events from decorations provider vscode.git 1831
[2022-05-01 22:39:01.925] [exthost] [warning] [Decorations] CAPPING events from decorations provider vscode.git 1831
[2022-05-01 22:39:07.015] [exthost] [warning] [Decorations] CAPPING events from decorations provider vscode.git 1831
[2022-05-01 22:39:12.110] [exthost] [warning] [Decorations] CAPPING events from decorations provider vscode.git 1831
[2022-05-01 22:39:17.364] [exthost] [warning] [Decorations] CAPPING events from decorations provider vscode.git 1831
[2022-05-01 22:39:22.523] [exthost] [warning] [Decorations] CAPPING events from decorations provider vscode.git 1831
[2022-05-01 22:39:27.660] [exthost] [warning] [Decorations] CAPPING events from decorations provider vscode.git 1831
[2022-05-01 22:39:34.115] [exthost] [warning] [Decorations] CAPPING events from decorations provider vscode.git 1831
[2022-05-01 22:39:40.252] [exthost] [warning] [Decorations] CAPPING events from decorations provider vscode.git 1831
[2022-05-01 22:39:46.770] [exthost] [warning] [Decorations] CAPPING events from decorations provider vscode.git 1831
[2022-05-01 22:39:51.926] [exthost] [warning] [Decorations] CAPPING events from decorations provider vscode.git 1831
[2022-05-01 22:39:57.036] [exthost] [warning] [Decorations] CAPPING events from decorations provider vscode.git 1831
[2022-05-01 22:40:02.223] [exthost] [warning] [Decorations] CAPPING events from decorations provider vscode.git 1831
[2022-05-01 22:40:07.367] [exthost] [warning] [Decorations] CAPPING events from decorations provider vscode.git 1831
[2022-05-01 22:40:12.503] [exthost] [warning] [Decorations] CAPPING events from decorations provider vscode.git 1831
[2022-05-01 22:40:17.713] [exthost] [warning] [Decorations] CAPPING events from decorations provider vscode.git 1831
[2022-05-01 22:40:22.891] [exthost] [warning] [Decorations] CAPPING events from decorations provider vscode.git 1831
[2022-05-01 22:40:28.048] [exthost] [warning] [Decorations] CAPPING events from decorations provider vscode.git 1831
[2022-05-01 22:40:33.227] [exthost] [warning] [Decorations] CAPPING events from decorations provider vscode.git 1831
[2022-05-01 22:40:38.372] [exthost] [warning] [Decorations] CAPPING events from decorations provider vscode.git 1831
[2022-05-01 22:40:43.517] [exthost] [warning] [Decorations] CAPPING events from decorations provider vscode.git 1831
[2022-05-01 22:40:48.685] [exthost] [warning] [Decorations] CAPPING events from decorations provider vscode.git 1831
[2022-05-01 22:40:53.819] [exthost] [warning] [Decorations] CAPPING events from decorations provider vscode.git 1831
[2022-05-01 22:40:58.984] [exthost] [warning] [Decorations] CAPPING events from decorations provider vscode.git 1831
[2022-05-01 22:41:04.156] [exthost] [warning] [Decorations] CAPPING events from decorations provider vscode.git 1831
[2022-05-01 22:41:09.327] [exthost] [warning] [Decorations] CAPPING events from decorations provider vscode.git 1831
[2022-05-01 22:41:14.429] [exthost] [warning] [Decorations] CAPPING events from decorations provider vscode.git 1831
[2022-05-01 22:41:19.531] [exthost] [warning] [Decorations] CAPPING events from decorations provider vscode.git 1831
[2022-05-01 22:41:24.651] [exthost] [warning] [Decorations] CAPPING events from decorations provider vscode.git 1831
[2022-05-01 22:41:29.775] [exthost] [warning] [Decorations] CAPPING events from decorations provider vscode.git 1831
[2022-05-01 22:41:34.870] [exthost] [warning] [Decorations] CAPPING events from decorations provider vscode.git 1831
[2022-05-01 22:41:39.987] [exthost] [warning] [Decorations] CAPPING events from decorations provider vscode.git 1831
[2022-05-01 22:41:45.112] [exthost] [warning] [Decorations] CAPPING events from decorations provider vscode.git 1831
[2022-05-01 22:41:50.231] [exthost] [warning] [Decorations] CAPPING events from decorations provider vscode.git 1831
[2022-05-01 22:41:55.350] [exthost] [warning] [Decorations] CAPPING events from decorations provider vscode.git 1831
[2022-05-01 22:42:00.481] [exthost] [warning] [Decorations] CAPPING events from decorations provider vscode.git 1832
[2022-05-01 22:42:05.582] [exthost] [warning] [Decorations] CAPPING events from decorations provider vscode.git 1832
[2022-05-01 22:42:10.712] [exthost] [warning] [Decorations] CAPPING events from decorations provider vscode.git 1832
[2022-05-01 22:42:15.834] [exthost] [warning] [Decorations] CAPPING events from decorations provider vscode.git 1832
[2022-05-01 22:42:20.936] [exthost] [warning] [Decorations] CAPPING events from decorations provider vscode.git 1832
[2022-05-01 22:42:26.061] [exthost] [warning] [Decorations] CAPPING events from decorations provider vscode.git 1832
[2022-05-01 22:42:31.168] [exthost] [warning] [Decorations] CAPPING events from decorations provider vscode.git 1833
[2022-05-01 22:42:36.284] [exthost] [warning] [Decorations] CAPPING events from decorations provider vscode.git 1833
[2022-05-01 22:42:41.382] [exthost] [warning] [Decorations] CAPPING events from decorations provider vscode.git 1833
[2022-05-01 22:42:46.503] [exthost] [warning] [Decorations] CAPPING events from decorations provider vscode.git 1833
[2022-05-01 22:42:51.601] [exthost] [warning] [Decorations] CAPPING events from decorations provider vscode.git 1833
[2022-05-01 22:42:56.693] [exthost] [warning] [Decorations] CAPPING events from decorations provider vscode.git 1833
[2022-05-01 22:43:01.837] [exthost] [warning] [Decorations] CAPPING events from decorations provider vscode.git 1833
[2022-05-01 22:43:06.956] [exthost] [warning] [Decorations] CAPPING events from decorations provider vscode.git 1833
[2022-05-01 22:43:12.074] [exthost] [warning] [Decorations] CAPPING events from decorations provider vscode.git 1833
[2022-05-01 22:43:18.735] [exthost] [warning] [Decorations] CAPPING events from decorations provider vscode.git 1833
[2022-05-01 22:43:23.835] [exthost] [warning] [Decorations] CAPPING events from decorations provider vscode.git 1833
[2022-05-01 22:43:28.952] [exthost] [warning] [Decorations] CAPPING events from decorations provider vscode.git 1833
[2022-05-01 22:43:34.078] [exthost] [warning] [Decorations] CAPPING events from decorations provider vscode.git 1833
[2022-05-01 22:43:39.201] [exthost] [warning] [Decorations] CAPPING events from decorations provider vscode.git 1833
[2022-05-01 22:43:44.299] [exthost] [warning] [Decorations] CAPPING events from decorations provider vscode.git 1833
[2022-05-01 22:43:49.393] [exthost] [warning] [Decorations] CAPPING events from decorations provider vscode.git 1833
[2022-05-01 22:43:54.504] [exthost] [warning] [Decorations] CAPPING events from decorations provider vscode.git 1833
[2022-05-01 22:43:59.624] [exthost] [warning] [Decorations] CAPPING events from decorations provider vscode.git 1833
[2022-05-01 22:44:04.745] [exthost] [warning] [Decorations] CAPPING events from decorations provider vscode.git 1833
[2022-05-01 22:44:09.861] [exthost] [warning] [Decorations] CAPPING events from decorations provider vscode.git 1833
[2022-05-01 22:44:14.988] [exthost] [warning] [Decorations] CAPPING events from decorations provider vscode.git 1833
[2022-05-01 22:44:20.092] [exthost] [warning] [Decorations] CAPPING events from decorations provider vscode.git 1833
[2022-05-01 22:44:25.186] [exthost] [warning] [Decorations] CAPPING events from decorations provider vscode.git 1833
[2022-05-01 22:44:52.340] [exthost] [warning] [Decorations] CAPPING events from decorations provider vscode.git 1833
[2022-05-01 22:44:57.453] [exthost] [warning] [Decorations] CAPPING events from decorations provider vscode.git 1833
[2022-05-01 22:45:02.550] [exthost] [warning] [Decorations] CAPPING events from decorations provider vscode.git 1833
[2022-05-01 22:45:09.283] [exthost] [warning] [Decorations] CAPPING events from decorations provider vscode.git 1832
[2022-05-01 22:45:14.407] [exthost] [warning] [Decorations] CAPPING events from decorations provider vscode.git 1832
[2022-05-01 22:45:19.563] [exthost] [warning] [Decorations] CAPPING events from decorations provider vscode.git 1832
[2022-05-01 22:45:24.664] [exthost] [warning] [Decorations] CAPPING events from decorations provider vscode.git 1832
[2022-05-01 22:45:29.795] [exthost] [warning] [Decorations] CAPPING events from decorations provider vscode.git 1833
[2022-05-01 22:45:41.026] [exthost] [warning] [Decorations] CAPPING events from decorations provider vscode.git 1834
[2022-05-01 22:45:46.146] [exthost] [warning] [Decorations] CAPPING events from decorations provider vscode.git 1834
[2022-05-01 22:45:51.267] [exthost] [warning] [Decorations] CAPPING events from decorations provider vscode.git 1834
[2022-05-01 22:45:56.719] [exthost] [warning] [Decorations] CAPPING events from decorations provider vscode.git 7928
[2022-05-01 22:46:10.085] [exthost] [warning] [Decorations] CAPPING events from decorations provider vscode.git 8904
[2022-05-01 22:46:29.581] [exthost] [warning] [Decorations] CAPPING events from decorations provider vscode.git 9246
[2022-05-01 22:46:39.336] [exthost] [warning] [Decorations] CAPPING events from decorations provider vscode.git 9249
[2022-05-01 22:46:48.739] [exthost] [warning] [Decorations] CAPPING events from decorations provider vscode.git 9249
[2022-05-01 22:46:58.036] [exthost] [warning] [Decorations] CAPPING events from decorations provider vscode.git 9249
[2022-05-01 22:47:07.356] [exthost] [warning] [Decorations] CAPPING events from decorations provider vscode.git 9249
[2022-05-01 22:47:16.869] [exthost] [warning] [Decorations] CAPPING events from decorations provider vscode.git 9249
[2022-05-01 22:47:42.585] [exthost] [warning] [Decorations] CAPPING events from decorations provider vscode.git 9249
[2022-05-01 22:47:51.983] [exthost] [warning] [Decorations] CAPPING events from decorations provider vscode.git 9249
[2022-05-01 22:48:01.416] [exthost] [warning] [Decorations] CAPPING events from decorations provider vscode.git 9249
[2022-05-01 22:48:11.556] [exthost] [warning] [Decorations] CAPPING events from decorations provider vscode.git 9249
[2022-05-01 22:48:21.058] [exthost] [warning] [Decorations] CAPPING events from decorations provider vscode.git 9249
[2022-05-01 22:48:30.690] [exthost] [warning] [Decorations] CAPPING events from decorations provider vscode.git 9249
[2022-05-01 22:48:40.151] [exthost] [warning] [Decorations] CAPPING events from decorations provider vscode.git 9249
[2022-05-01 22:48:49.631] [exthost] [warning] [Decorations] CAPPING events from decorations provider vscode.git 9249
[2022-05-01 22:48:59.098] [exthost] [warning] [Decorations] CAPPING events from decorations provider vscode.git 9249
[2022-05-01 22:49:08.462] [exthost] [warning] [Decorations] CAPPING events from decorations provider vscode.git 9249
[2022-05-01 22:50:47.736] [exthost] [warning] [Decorations] CAPPING events from decorations provider vscode.git 9249
[2022-05-01 22:50:57.608] [exthost] [warning] [Decorations] CAPPING events from decorations provider vscode.git 9249
[2022-05-01 22:51:07.151] [exthost] [warning] [Decorations] CAPPING events from decorations provider vscode.git 9249
[2022-05-01 22:51:31.681] [exthost] [warning] [Decorations] CAPPING events from decorations provider vscode.git 9249
[2022-05-01 22:51:41.313] [exthost] [warning] [Decorations] CAPPING events from decorations provider vscode.git 9251
[2022-05-01 22:51:51.049] [exthost] [warning] [Decorations] CAPPING events from decorations provider vscode.git 9251
[2022-05-01 22:52:02.416] [exthost] [warning] [Decorations] CAPPING events from decorations provider vscode.git 9252
[2022-05-01 22:52:12.103] [exthost] [warning] [Decorations] CAPPING events from decorations provider vscode.git 9362
[2022-05-01 22:52:21.530] [exthost] [warning] [Decorations] CAPPING events from decorations provider vscode.git 9380
[2022-05-01 22:52:31.158] [exthost] [warning] [Decorations] CAPPING events from decorations provider vscode.git 9380
[2022-05-01 22:52:40.635] [exthost] [warning] [Decorations] CAPPING events from decorations provider vscode.git 9380
[2022-05-01 22:52:50.218] [exthost] [warning] [Decorations] CAPPING events from decorations provider vscode.git 9380
[2022-05-01 22:52:56.035] [exthost] [info] ExtensionService#_doActivateExtension vscode.configuration-editing, startup: false, activationEvent: 'onLanguage:jsonc'
[2022-05-01 22:52:56.049] [exthost] [info] ExtensionService#_doActivateExtension vscode.json-language-features, startup: false, activationEvent: 'onLanguage:jsonc'
[2022-05-01 22:52:56.121] [exthost] [info] ExtensionService#_doActivateExtension vscode.typescript-language-features, startup: false, activationEvent: 'onLanguage:jsonc'
[2022-05-01 22:52:59.744] [exthost] [warning] [Decorations] CAPPING events from decorations provider vscode.git 9382
[2022-05-01 22:53:09.350] [exthost] [warning] [Decorations] CAPPING events from decorations provider vscode.git 9382
[2022-05-01 22:53:18.878] [exthost] [warning] [Decorations] CAPPING events from decorations provider vscode.git 9382
[2022-05-01 22:53:28.508] [exthost] [warning] [Decorations] CAPPING events from decorations provider vscode.git 9382
[2022-05-01 22:53:38.271] [exthost] [warning] [Decorations] CAPPING events from decorations provider vscode.git 9387
[2022-05-01 22:53:47.622] [exthost] [warning] [Decorations] CAPPING events from decorations provider vscode.git 9387
[2022-05-01 22:53:57.245] [exthost] [warning] [Decorations] CAPPING events from decorations provider vscode.git 9387
[2022-05-01 22:54:06.898] [exthost] [warning] [Decorations] CAPPING events from decorations provider vscode.git 9387
[2022-05-01 22:54:16.660] [exthost] [warning] [Decorations] CAPPING events from decorations provider vscode.git 9387
[2022-05-01 22:54:26.437] [exthost] [warning] [Decorations] CAPPING events from decorations provider vscode.git 9387
[2022-05-01 22:54:35.881] [exthost] [warning] [Decorations] CAPPING events from decorations provider vscode.git 9387
[2022-05-01 22:54:45.501] [exthost] [warning] [Decorations] CAPPING events from decorations provider vscode.git 9387
[2022-05-01 22:54:54.971] [exthost] [warning] [Decorations] CAPPING events from decorations provider vscode.git 9387
[2022-05-01 22:55:04.605] [exthost] [warning] [Decorations] CAPPING events from decorations provider vscode.git 9387
[2022-05-01 22:55:14.099] [exthost] [warning] [Decorations] CAPPING events from decorations provider vscode.git 9387
[2022-05-01 22:55:23.648] [exthost] [warning] [Decorations] CAPPING events from decorations provider vscode.git 9387
[2022-05-01 22:55:33.222] [exthost] [warning] [Decorations] CAPPING events from decorations provider vscode.git 9387
[2022-05-01 22:55:42.624] [exthost] [warning] [Decorations] CAPPING events from decorations provider vscode.git 9387
[2022-05-01 22:55:52.331] [exthost] [warning] [Decorations] CAPPING events from decorations provider vscode.git 9387
[2022-05-01 22:56:02.149] [exthost] [warning] [Decorations] CAPPING events from decorations provider vscode.git 9387
[2022-05-01 22:56:11.739] [exthost] [warning] [Decorations] CAPPING events from decorations provider vscode.git 9387
[2022-05-01 22:56:21.300] [exthost] [warning] [Decorations] CAPPING events from decorations provider vscode.git 9387
[2022-05-01 22:56:30.931] [exthost] [warning] [Decorations] CAPPING events from decorations provider vscode.git 9387
[2022-05-01 22:56:40.378] [exthost] [warning] [Decorations] CAPPING events from decorations provider vscode.git 9387
[2022-05-01 22:56:49.895] [exthost] [warning] [Decorations] CAPPING events from decorations provider vscode.git 9387
[2022-05-01 22:56:59.286] [exthost] [warning] [Decorations] CAPPING events from decorations provider vscode.git 9387
[2022-05-01 22:57:08.606] [exthost] [warning] [Decorations] CAPPING events from decorations provider vscode.git 9387
[2022-05-01 22:57:18.222] [exthost] [warning] [Decorations] CAPPING events from decorations provider vscode.git 9387
[2022-05-01 22:57:27.677] [exthost] [warning] [Decorations] CAPPING events from decorations provider vscode.git 9387
[2022-05-01 22:57:37.538] [exthost] [warning] [Decorations] CAPPING events from decorations provider vscode.git 9387
[2022-05-01 22:57:47.317] [exthost] [warning] [Decorations] CAPPING events from decorations provider vscode.git 9387
[2022-05-01 22:57:56.880] [exthost] [warning] [Decorations] CAPPING events from decorations provider vscode.git 9387
[2022-05-01 22:58:06.634] [exthost] [warning] [Decorations] CAPPING events from decorations provider vscode.git 9387
[2022-05-01 22:58:16.317] [exthost] [warning] [Decorations] CAPPING events from decorations provider vscode.git 9387
[2022-05-01 22:58:25.928] [exthost] [warning] [Decorations] CAPPING events from decorations provider vscode.git 9387
[2022-05-01 22:58:35.297] [exthost] [warning] [Decorations] CAPPING events from decorations provider vscode.git 9387
[2022-05-01 22:58:44.807] [exthost] [warning] [Decorations] CAPPING events from decorations provider vscode.git 9387
[2022-05-01 22:58:54.372] [exthost] [warning] [Decorations] CAPPING events from decorations provider vscode.git 9387
[2022-05-01 22:59:03.777] [exthost] [warning] [Decorations] CAPPING events from decorations provider vscode.git 9387
[2022-05-01 22:59:13.159] [exthost] [warning] [Decorations] CAPPING events from decorations provider vscode.git 9387
[2022-05-01 22:59:22.779] [exthost] [warning] [Decorations] CAPPING events from decorations provider vscode.git 9387
[2022-05-01 22:59:32.317] [exthost] [warning] [Decorations] CAPPING events from decorations provider vscode.git 9387
[2022-05-01 22:59:41.827] [exthost] [warning] [Decorations] CAPPING events from decorations provider vscode.git 9387
[2022-05-01 22:59:51.632] [exthost] [warning] [Decorations] CAPPING events from decorations provider vscode.git 9387
[2022-05-01 23:00:01.875] [exthost] [warning] [Decorations] CAPPING events from decorations provider vscode.git 9387
[2022-05-01 23:00:11.310] [exthost] [warning] [Decorations] CAPPING events from decorations provider vscode.git 9387
[2022-05-01 23:00:20.945] [exthost] [warning] [Decorations] CAPPING events from decorations provider vscode.git 9387
[2022-05-01 23:00:30.341] [exthost] [warning] [Decorations] CAPPING events from decorations provider vscode.git 9387
[2022-05-01 23:00:39.894] [exthost] [warning] [Decorations] CAPPING events from decorations provider vscode.git 9387
[2022-05-01 23:00:49.391] [exthost] [warning] [Decorations] CAPPING events from decorations provider vscode.git 9387
[2022-05-01 23:00:59.023] [exthost] [warning] [Decorations] CAPPING events from decorations provider vscode.git 9387
[2022-05-01 23:01:08.733] [exthost] [warning] [Decorations] CAPPING events from decorations provider vscode.git 9387
[2022-05-01 23:01:18.438] [exthost] [warning] [Decorations] CAPPING events from decorations provider vscode.git 9387
[2022-05-01 23:01:28.013] [exthost] [warning] [Decorations] CAPPING events from decorations provider vscode.git 9387
[2022-05-01 23:01:37.672] [exthost] [warning] [Decorations] CAPPING events from decorations provider vscode.git 9387
[2022-05-01 23:01:47.389] [exthost] [warning] [Decorations] CAPPING events from decorations provider vscode.git 9387
[2022-05-02 00:11:06.862] [exthost] [info] extension host terminating: renderer disconnected for too long (2)
[2022-05-02 00:11:06.863] [exthost] [info] Lock '/home/nanxiong026/.vscode-server/data/User/workspaceStorage/93d71e5c9ec3644dd0a5fc63c15b3209/vscode.lock': Marking the lockfile as scheduled to be released in 6000 ms.
[2022-05-02 00:11:06.880] [exthost] [info] Extension host with pid 3324 exiting with code 0
